client/build/app/outputs/mapping/release/seeds.txt
com.vivekupasani.cloudstash.MainActivity
com.vivekupasani.cloudstash.MainActivity: MainActivity()
...
androidx.datastore.preferences.protobuf.WireFormat$JavaType: androidx.datastore.preferences.protobuf.WireFormat$JavaType[] values()
androidx.vectordrawable.graphics.drawable.VectorDrawableCompat$VFullPath: float getFillAlpha()
com.github.barteksc.pdfviewer.PDFView: void setMidZoom(float)
io.flutter.embedding.android.KeyData$Type: io.flutter.embedding.android.KeyData$Type[] values()
androidx.core.view.ViewCompat$Api26Impl: void setImportantForAutofill(android.view.View,int)
androidx.vectordrawable.graphics.drawable.VectorDrawableCompat$VPath: void setPathData(androidx.core.graphics.PathParser$PathDataNode[])
androidx.appcompat.widget.SwitchCompat: void setThumbResource(int)
androidx.core.view.WindowInsetsCompat$BuilderImpl29: void setSystemWindowInsets(androidx.core.graphics.Insets)
io.flutter.plugins.firebase.core.FlutterFirebasePlugin: com.google.android.gms.tasks.Task getPluginConstantsForFirebaseApp(com.google.firebase.FirebaseApp)
androidx.window.area.reflectionguard.WindowAreaComponentApi3Requirements: void removeRearDisplayPresentationStatusListener(androidx.window.extensions.core.util.function.Consumer)
androidx.core.view.accessibility.AccessibilityNodeInfoCompat$Api34Impl: void setQueryFromAppProcessEnabled(android.view.accessibility.AccessibilityNodeInfo,android.view.View,boolean)
androidx.core.view.WindowInsetsCompat$Impl30: WindowInsetsCompat$Impl30(androidx.core.view.WindowInsetsCompat,androidx.core.view.WindowInsetsCompat$Impl30)
androidx.recyclerview.widget.RecyclerView: void setNestedScrollingEnabled(boolean)
io.flutter.view.AccessibilityBridge$TextDirection: io.flutter.view.AccessibilityBridge$TextDirection valueOf(java.lang.String)
androidx.core.widget.TextViewCompat$Api24Impl: android.icu.text.DecimalFormatSymbols getInstance(java.util.Locale)
androidx.core.view.ViewCompat$Api21Impl: void setBackgroundTintList(android.view.View,android.content.res.ColorStateList)
io.flutter.embedding.engine.FlutterJNI: void onDisplayPlatformView(int,int,int,int,int,int,int,io.flutter.embedding.engine.mutatorsstack.FlutterMutatorsStack)
androidx.core.view.MenuItemCompat$Api26Impl: android.view.MenuItem setIconTintMode(android.view.MenuItem,android.graphics.PorterDuff$Mode)
androidx.appcompat.widget.SwitchCompat: void setSwitchMinWidth(int)
com.google.firebase.components.ComponentDiscoveryService: ComponentDiscoveryService()
io.flutter.embedding.engine.renderer.FlutterRenderer$ImageReaderSurfaceProducer: void pruneImageReaderQueue()
androidx.core.view.WindowInsetsCompat$Impl20: androidx.core.graphics.Insets getInsets(int)
androidx.core.content.ContextCompat$Api24Impl: java.io.File getDataDir(android.content.Context)
io.flutter.view.AccessibilityBridge$Flag: io.flutter.view.AccessibilityBridge$Flag[] values()
androidx.profileinstaller.ProfileInstallerInitializer$Choreographer16Impl: void postFrameCallback(java.lang.Runnable)
io.flutter.embedding.engine.systemchannels.SettingsChannel$PlatformBrightness: io.flutter.embedding.engine.systemchannels.SettingsChannel$PlatformBrightness valueOf(java.lang.String)
io.flutter.view.AccessibilityViewEmbedder: AccessibilityViewEmbedder(android.view.View,int)
androidx.appcompat.widget.AppCompatAutoCompleteTextView: void setSupportBackgroundTintMode(android.graphics.PorterDuff$Mode)
androidx.lifecycle.EmptyActivityLifecycleCallbacks: void onActivityPaused(android.app.Activity)
androidx.appcompat.widget.ActionMenuView: void setPopupTheme(int)
io.flutter.embedding.engine.FlutterJNI: void handlePlatformMessageResponse(int,java.nio.ByteBuffer)
androidx.appcompat.view.menu.ActionMenuItemView: void setPopupCallback(androidx.appcompat.view.menu.ActionMenuItemView$PopupCallback)
androidx.appcompat.widget.Toolbar: void setTitleTextColor(int)
androidx.core.graphics.drawable.IconCompat$Api23Impl: android.graphics.drawable.Drawable loadDrawable(android.graphics.drawable.Icon,android.content.Context)