client/build/app/outputs/mapping/release/usage.txt
com.vivekupasani.cloudstash.R$drawable
com.vivekupasani.cloudstash.R$mipmap
com.vivekupasani.cloudstash.R$string
com.vivekupasani.cloudstash.R$style
com.vivekupasani.cloudstash.R
...
androidx.media3.exoplayer.hls.BundledHlsMediaChunkExtractor:
    public final void init()
    public final boolean isPackedAudioExtractor()
    public final boolean isReusable()
    public final void onTruncatedSegmentParsed()
    public final boolean read()
    public final androidx.media3.exoplayer.hls.HlsMediaChunkExtractor recreate()
androidx.media3.exoplayer.hls.DefaultHlsDataSourceFactory:
    public static androidx.media3.datasource.DataSource createDataSource()
androidx.media3.exoplayer.hls.DefaultHlsExtractorFactory:
    public final boolean exposeCea608WhenMissingDeclarations
    public final int payloadReaderFactoryFlags
    public static androidx.media3.exoplayer.hls.BundledHlsMediaChunkExtractor createExtractor()
    public final androidx.media3.exoplayer.hls.HlsMediaChunkExtractor createExtractor()
    public static androidx.media3.extractor.Extractor createExtractorByFileType()
    public static androidx.media3.exoplayer.hls.DefaultHlsExtractorFactory experimentalParseSubtitlesDuringExtraction()
    public final androidx.media3.exoplayer.hls.HlsExtractorFactory experimentalParseSubtitlesDuringExtraction()
    public static androidx.media3.exoplayer.hls.DefaultHlsExtractorFactory setSubtitleParserFactory()
    public final androidx.media3.exoplayer.hls.HlsExtractorFactory setSubtitleParserFactory()
androidx.media3.exoplayer.hls.FullSegmentEncryptionKeyCache$1:
    public final synthetic androidx.media3.exoplayer.hls.FullSegmentEncryptionKeyCache this$0
    public final synthetic int val$maxSize
androidx.media3.exoplayer.hls.FullSegmentEncryptionKeyCache:
    public final byte[] get(android.net.Uri)
    public final void put(android.net.Uri,byte[])
    public static byte[] remove()
androidx.media3.exoplayer.hls.HlsChunkSource$EncryptionKeyChunk:
    public static void consume()
    public static byte[] getDataHolder()
    public static byte[] getResult()
    public static void maybeExpandData()
androidx.media3.exoplayer.hls.HlsChunkSource$HlsChunkHolder:
    public final void clear()
androidx.media3.exoplayer.hls.HlsChunkSource$HlsMediaPlaylistSegmentIterator:
    public final java.lang.String playlistBaseUri
androidx.media3.exoplayer.hls.HlsChunkSource:
    public final androidx.media3.exoplayer.upstream.CmcdConfiguration cmcdConfiguration
    public long lastChunkRequestRealtimeMs
    public final long timestampAdjusterInitializationTimeoutMs
    public final void deactivatePlaylistForSelectedTrack()
    public static long getAdjustedSeekPositionUs()
    public static android.net.Uri getFullEncryptionKeyUri(androidx.media3.exoplayer.hls.playlist.HlsMediaPlaylist,androidx.media3.exoplayer.hls.playlist.HlsMediaPlaylist$SegmentBase)
    public static boolean getIsMuxedAudioAndVideo()
    public static void getNextChunk()
    public static int getPreferredQueueSize()
    public static androidx.media3.common.TrackGroup getTrackGroup()
    public static androidx.media3.exoplayer.trackselection.ExoTrackSelection getTrackSelection()
    public static boolean hasIndependentSegments()
    public static boolean maybeExcludeTrack()
    public static void maybeThrowError()
    public static boolean obtainsChunksForPlaylist()
    public static void onChunkLoadCompleted()
    public static boolean onPlaylistError()
    public final void reset()
    public static long resolveTimeToLiveEdgeUs()
    public static void setIsPrimaryTimestampSource()
    public static void setTrackSelection()
    public static boolean shouldCancelLoad()
    public static void updateLiveEdgeTimeUs()
androidx.media3.exoplayer.hls.HlsDataSourceFactory